<?xml version="1.0" encoding="UTF-8"?>
<testsuites name="jest tests" tests="2" failures="0" errors="0" time="1.385">
  <testsuite name="DashNavbar" errors="0" failures="0" skipped="0" timestamp="2023-12-31T15:21:41" time="1.11" tests="2">
    <testcase classname="DashNavbar renders" name="DashNavbar renders" time="0.014">
    </testcase>
    <testcase classname="DashNavbar render input" name="DashNavbar render input" time="0.007">
    </testcase>
  </testsuite>
</testsuites>